# JRE version: OpenJDK Runtime Environment (11.0.12+7) (build 11.0.12+7-b1504.28-7817840)
# Java VM: OpenJDK 64-Bit Server VM (11.0.12+7-b1504.28-7817840, mixed mode, tiered, compressed oops, g1 gc, windows-amd64)
Heap:
 garbage-first heap   total 342016K, used 227165K [0x0000000080000000, 0x0000000100000000)
  region size 1024K, 5 young (5120K), 5 survivors (5120K)
 Metaspace       used 144266K, capacity 147985K, committed 148224K, reserved 1177600K
  class space    used 18306K, capacity 19695K, committed 19712K, reserved 1048576K
GC Heap History (20 events):
Event: 44.462 GC heap after
{Heap after GC invocations=42 (full 0):
 garbage-first heap   total 236544K, used 178284K [0x0000000080000000, 0x0000000100000000)
  region size 1024K, 3 young (3072K), 3 survivors (3072K)
 Metaspace       used 128541K, capacity 131693K, committed 131968K, reserved 1163264K
  class space    used 16120K, capacity 17274K, committed 17280K, reserved 1048576K
}
Event: 44.507 GC heap before
{Heap before GC invocations=42 (full 0):
 garbage-first heap   total 236544K, used 186476K [0x0000000080000000, 0x0000000100000000)
  region size 1024K, 11 young (11264K), 3 survivors (3072K)
 Metaspace       used 128588K, capacity 131757K, committed 131968K, reserved 1163264K
  class space    used 16123K, capacity 17274K, committed 17280K, reserved 1048576K
}
Event: 44.518 GC heap after
{Heap after GC invocations=43 (full 0):
 garbage-first heap   total 236544K, used 157427K [0x0000000080000000, 0x0000000100000000)
  region size 1024K, 2 young (2048K), 2 survivors (2048K)
 Metaspace       used 128588K, capacity 131757K, committed 131968K, reserved 1163264K
  class space    used 16123K, capacity 17274K, committed 17280K, reserved 1048576K
}
Event: 44.615 GC heap before
{Heap before GC invocations=43 (full 0):
 garbage-first heap   total 236544K, used 166643K [0x0000000080000000, 0x0000000100000000)
  region size 1024K, 11 young (11264K), 2 survivors (2048K)
 Metaspace       used 128713K, capacity 131885K, committed 131968K, reserved 1163264K
  class space    used 16131K, capacity 17274K, committed 17280K, reserved 1048576K
}
Event: 44.630 GC heap after
{Heap after GC invocations=44 (full 0):
 garbage-first heap   total 236544K, used 159731K [0x0000000080000000, 0x0000000100000000)
  region size 1024K, 2 young (2048K), 2 survivors (2048K)
 Metaspace       used 128713K, capacity 131885K, committed 131968K, reserved 1163264K
  class space    used 16131K, capacity 17274K, committed 17280K, reserved 1048576K
}
Event: 45.086 GC heap before
{Heap before GC invocations=44 (full 0):
 garbage-first heap   total 236544K, used 189427K [0x0000000080000000, 0x0000000100000000)
  region size 1024K, 31 young (31744K), 2 survivors (2048K)
 Metaspace       used 129256K, capacity 132461K, committed 132608K, reserved 1165312K
  class space    used 16170K, capacity 17338K, committed 17408K, reserved 1048576K
}
Event: 45.092 GC heap after
{Heap after GC invocations=45 (full 0):
 garbage-first heap   total 236544K, used 160045K [0x0000000080000000, 0x0000000100000000)
  region size 1024K, 3 young (3072K), 3 survivors (3072K)
 Metaspace       used 129256K, capacity 132461K, committed 132608K, reserved 1165312K
  class space    used 16170K, capacity 17338K, committed 17408K, reserved 1048576K
}
Event: 46.254 GC heap before
{Heap before GC invocations=45 (full 0):
 garbage-first heap   total 236544K, used 189741K [0x0000000080000000, 0x0000000100000000)
  region size 1024K, 33 young (33792K), 3 survivors (3072K)
 Metaspace       used 129893K, capacity 133066K, committed 133120K, reserved 1165312K
  class space    used 16234K, capacity 17383K, committed 17408K, reserved 1048576K
}
Event: 46.263 GC heap after
{Heap after GC invocations=46 (full 0):
 garbage-first heap   total 236544K, used 162012K [0x0000000080000000, 0x0000000100000000)
  region size 1024K, 5 young (5120K), 5 survivors (5120K)
 Metaspace       used 129893K, capacity 133066K, committed 133120K, reserved 1165312K
  class space    used 16234K, capacity 17383K, committed 17408K, reserved 1048576K
}
Event: 47.024 GC heap before
{Heap before GC invocations=46 (full 0):
 garbage-first heap   total 236544K, used 192732K [0x0000000080000000, 0x0000000100000000)
  region size 1024K, 36 young (36864K), 5 survivors (5120K)
 Metaspace       used 131416K, capacity 134620K, committed 134912K, reserved 1167360K
  class space    used 16423K, capacity 17598K, committed 17664K, reserved 1048576K
}
Event: 47.037 GC heap after
{Heap after GC invocations=47 (full 0):
 garbage-first heap   total 284672K, used 164451K [0x0000000080000000, 0x0000000100000000)
  region size 1024K, 5 young (5120K), 5 survivors (5120K)
 Metaspace       used 131416K, capacity 134620K, committed 134912K, reserved 1167360K
  class space    used 16423K, capacity 17598K, committed 17664K, reserved 1048576K
}
Event: 48.043 GC heap before
{Heap before GC invocations=47 (full 0):
 garbage-first heap   total 284672K, used 216675K [0x0000000080000000, 0x0000000100000000)
  region size 1024K, 57 young (58368K), 5 survivors (5120K)
 Metaspace       used 132317K, capacity 135531K, committed 135680K, reserved 1167360K
  class space    used 16499K, capacity 17651K, committed 17664K, reserved 1048576K
}
Event: 48.062 GC heap after
{Heap after GC invocations=48 (full 0):
 garbage-first heap   total 284672K, used 168911K [0x0000000080000000, 0x0000000100000000)
  region size 1024K, 7 young (7168K), 7 survivors (7168K)
 Metaspace       used 132317K, capacity 135531K, committed 135680K, reserved 1167360K
  class space    used 16499K, capacity 17651K, committed 17664K, reserved 1048576K
}
Event: 49.400 GC heap before
{Heap before GC invocations=48 (full 0):
 garbage-first heap   total 284672K, used 222159K [0x0000000080000000, 0x0000000100000000)
  region size 1024K, 60 young (61440K), 7 survivors (7168K)
 Metaspace       used 136919K, capacity 140277K, committed 140544K, reserved 1171456K
  class space    used 17128K, capacity 18343K, committed 18432K, reserved 1048576K
}
Event: 49.414 GC heap after
{Heap after GC invocations=49 (full 0):
 garbage-first heap   total 284672K, used 171278K [0x0000000080000000, 0x0000000100000000)
  region size 1024K, 3 young (3072K), 3 survivors (3072K)
 Metaspace       used 136919K, capacity 140277K, committed 140544K, reserved 1171456K
  class space    used 17128K, capacity 18343K, committed 18432K, reserved 1048576K
}
Event: 50.754 GC heap before
{Heap before GC invocations=49 (full 0):
 garbage-first heap   total 284672K, used 243982K [0x0000000080000000, 0x0000000100000000)
  region size 1024K, 57 young (58368K), 3 survivors (3072K)
 Metaspace       used 142889K, capacity 146601K, committed 146688K, reserved 1177600K
  class space    used 18046K, capacity 19429K, committed 19456K, reserved 1048576K
}
Event: 50.765 GC heap after
{Heap after GC invocations=50 (full 0):
 garbage-first heap   total 284672K, used 191756K [0x0000000080000000, 0x0000000100000000)
  region size 1024K, 8 young (8192K), 8 survivors (8192K)
 Metaspace       used 142889K, capacity 146601K, committed 146688K, reserved 1177600K
  class space    used 18046K, capacity 19429K, committed 19456K, reserved 1048576K
}
Event: 51.623 GC heap before
{Heap before GC invocations=50 (full 0):
 garbage-first heap   total 284672K, used 251148K [0x0000000080000000, 0x0000000100000000)
  region size 1024K, 51 young (52224K), 8 survivors (8192K)
 Metaspace       used 143892K, capacity 147641K, committed 147712K, reserved 1177600K
  class space    used 18296K, capacity 19693K, committed 19712K, reserved 1048576K
}
Event: 51.660 GC heap after
{Heap after GC invocations=51 (full 0):
 garbage-first heap   total 284672K, used 213880K [0x0000000080000000, 0x0000000100000000)
  region size 1024K, 7 young (7168K), 7 survivors (7168K)
 Metaspace       used 143892K, capacity 147641K, committed 147712K, reserved 1177600K
  class space    used 18296K, capacity 19693K, committed 19712K, reserved 1048576K
}
Event: 52.011 GC heap before
{Heap before GC invocations=51 (full 0):
 garbage-first heap   total 284672K, used 240504K [0x0000000080000000, 0x0000000100000000)
  region size 1024K, 33 young (33792K), 7 survivors (7168K)
 Metaspace       used 144266K, capacity 147985K, committed 148224K, reserved 1177600K
  class space    used 18306K, capacity 19695K, committed 19712K, reserved 1048576K
}

