# JRE version: OpenJDK Runtime Environment (11.0.12+7) (build 11.0.12+7-b1504.28-7817840)
# Java VM: OpenJDK 64-Bit Server VM (11.0.12+7-b1504.28-7817840, mixed mode, tiered, compressed oops, g1 gc, windows-amd64)
Heap:
 garbage-first heap   total 196608K, used 72197K [0x0000000740800000, 0x0000000800000000)
  region size 1024K, 52 young (53248K), 2 survivors (2048K)
 Metaspace       used 45987K, capacity 46539K, committed 46800K, reserved 1091584K
  class space    used 5498K, capacity 5711K, committed 5760K, reserved 1048576K
GC Heap History (8 events):
Event: 0.496 GC heap before
{Heap before GC invocations=0 (full 0):
 garbage-first heap   total 196608K, used 17408K [0x0000000740800000, 0x0000000800000000)
  region size 1024K, 14 young (14336K), 0 survivors (0K)
 Metaspace       used 9843K, capacity 10002K, committed 10112K, reserved 1058816K
  class space    used 841K, capacity 885K, committed 896K, reserved 1048576K
}
Event: 0.499 GC heap after
{Heap after GC invocations=1 (full 0):
 garbage-first heap   total 196608K, used 5229K [0x0000000740800000, 0x0000000800000000)
  region size 1024K, 2 young (2048K), 2 survivors (2048K)
 Metaspace       used 9843K, capacity 10002K, committed 10112K, reserved 1058816K
  class space    used 841K, capacity 885K, committed 896K, reserved 1048576K
}
Event: 1.446 GC heap before
{Heap before GC invocations=1 (full 0):
 garbage-first heap   total 196608K, used 50285K [0x0000000740800000, 0x0000000800000000)
  region size 1024K, 47 young (48128K), 2 survivors (2048K)
 Metaspace       used 20875K, capacity 21086K, committed 21296K, reserved 1069056K
  class space    used 2219K, capacity 2312K, committed 2432K, reserved 1048576K
}
Event: 1.459 GC heap after
{Heap after GC invocations=2 (full 0):
 garbage-first heap   total 196608K, used 9249K [0x0000000740800000, 0x0000000800000000)
  region size 1024K, 6 young (6144K), 6 survivors (6144K)
 Metaspace       used 20875K, capacity 21086K, committed 21296K, reserved 1069056K
  class space    used 2219K, capacity 2312K, committed 2432K, reserved 1048576K
}
Event: 2.583 GC heap before
{Heap before GC invocations=3 (full 0):
 garbage-first heap   total 196608K, used 62497K [0x0000000740800000, 0x0000000800000000)
  region size 1024K, 53 young (54272K), 6 survivors (6144K)
 Metaspace       used 32403K, capacity 32792K, committed 32944K, reserved 1077248K
  class space    used 4066K, capacity 4246K, committed 4352K, reserved 1048576K
}
Event: 2.600 GC heap after
{Heap after GC invocations=4 (full 0):
 garbage-first heap   total 196608K, used 20225K [0x0000000740800000, 0x0000000800000000)
  region size 1024K, 6 young (6144K), 6 survivors (6144K)
 Metaspace       used 32403K, capacity 32792K, committed 32944K, reserved 1077248K
  class space    used 4066K, capacity 4246K, committed 4352K, reserved 1048576K
}
Event: 2.861 GC heap before
{Heap before GC invocations=4 (full 0):
 garbage-first heap   total 196608K, used 33537K [0x0000000740800000, 0x0000000800000000)
  region size 1024K, 20 young (20480K), 6 survivors (6144K)
 Metaspace       used 35394K, capacity 35811K, committed 35920K, reserved 1081344K
  class space    used 4403K, capacity 4570K, committed 4608K, reserved 1048576K
}
Event: 2.875 GC heap after
{Heap after GC invocations=5 (full 0):
 garbage-first heap   total 196608K, used 22021K [0x0000000740800000, 0x0000000800000000)
  region size 1024K, 2 young (2048K), 2 survivors (2048K)
 Metaspace       used 35394K, capacity 35811K, committed 35920K, reserved 1081344K
  class space    used 4403K, capacity 4570K, committed 4608K, reserved 1048576K
}

