# JRE version: OpenJDK Runtime Environment (11.0.12+7) (build 11.0.12+7-b1504.28-7817840)
# Java VM: OpenJDK 64-Bit Server VM (11.0.12+7-b1504.28-7817840, mixed mode, tiered, compressed oops, g1 gc, windows-amd64)
Heap:
 garbage-first heap   total 374784K, used 292352K [0x0000000080000000, 0x0000000100000000)
  region size 1024K, 52 young (53248K), 9 survivors (9216K)
 Metaspace       used 147823K, capacity 152019K, committed 152268K, reserved 1181696K
  class space    used 18230K, capacity 19791K, committed 19916K, reserved 1048576K
GC Heap History (20 events):
Event: 11347.247 GC heap before
{Heap before GC invocations=83 (full 0):
 garbage-first heap   total 374784K, used 313031K [0x0000000080000000, 0x0000000100000000)
  region size 1024K, 91 young (93184K), 3 survivors (3072K)
 Metaspace       used 145228K, capacity 149402K, committed 149580K, reserved 1179648K
  class space    used 17997K, capacity 19513K, committed 19532K, reserved 1048576K
}
Event: 11347.255 GC heap after
{Heap after GC invocations=84 (full 0):
 garbage-first heap   total 374784K, used 223558K [0x0000000080000000, 0x0000000100000000)
  region size 1024K, 3 young (3072K), 3 survivors (3072K)
 Metaspace       used 145228K, capacity 149402K, committed 149580K, reserved 1179648K
  class space    used 17997K, capacity 19513K, committed 19532K, reserved 1048576K
}
Event: 11348.006 GC heap before
{Heap before GC invocations=84 (full 0):
 garbage-first heap   total 374784K, used 315718K [0x0000000080000000, 0x0000000100000000)
  region size 1024K, 93 young (95232K), 3 survivors (3072K)
 Metaspace       used 145254K, capacity 149403K, committed 149580K, reserved 1179648K
  class space    used 17998K, capacity 19513K, committed 19532K, reserved 1048576K
}
Event: 11348.016 GC heap after
{Heap after GC invocations=85 (full 0):
 garbage-first heap   total 374784K, used 223772K [0x0000000080000000, 0x0000000100000000)
  region size 1024K, 3 young (3072K), 3 survivors (3072K)
 Metaspace       used 145254K, capacity 149403K, committed 149580K, reserved 1179648K
  class space    used 17998K, capacity 19513K, committed 19532K, reserved 1048576K
}
Event: 11348.867 GC heap before
{Heap before GC invocations=85 (full 0):
 garbage-first heap   total 374784K, used 317980K [0x0000000080000000, 0x0000000100000000)
  region size 1024K, 95 young (97280K), 3 survivors (3072K)
 Metaspace       used 145276K, capacity 149404K, committed 149580K, reserved 1179648K
  class space    used 17998K, capacity 19513K, committed 19532K, reserved 1048576K
}
Event: 11348.881 GC heap after
{Heap after GC invocations=86 (full 0):
 garbage-first heap   total 374784K, used 224335K [0x0000000080000000, 0x0000000100000000)
  region size 1024K, 4 young (4096K), 4 survivors (4096K)
 Metaspace       used 145276K, capacity 149404K, committed 149580K, reserved 1179648K
  class space    used 17998K, capacity 19513K, committed 19532K, reserved 1048576K
}
Event: 11349.740 GC heap before
{Heap before GC invocations=86 (full 0):
 garbage-first heap   total 374784K, used 319567K [0x0000000080000000, 0x0000000100000000)
  region size 1024K, 97 young (99328K), 4 survivors (4096K)
 Metaspace       used 145295K, capacity 149469K, committed 149580K, reserved 1179648K
  class space    used 17998K, capacity 19513K, committed 19532K, reserved 1048576K
}
Event: 11349.752 GC heap after
{Heap after GC invocations=87 (full 0):
 garbage-first heap   total 374784K, used 224741K [0x0000000080000000, 0x0000000100000000)
  region size 1024K, 4 young (4096K), 4 survivors (4096K)
 Metaspace       used 145295K, capacity 149469K, committed 149580K, reserved 1179648K
  class space    used 17998K, capacity 19513K, committed 19532K, reserved 1048576K
}
Event: 11350.592 GC heap before
{Heap before GC invocations=87 (full 0):
 garbage-first heap   total 374784K, used 320997K [0x0000000080000000, 0x0000000100000000)
  region size 1024K, 98 young (100352K), 4 survivors (4096K)
 Metaspace       used 145327K, capacity 149480K, committed 149580K, reserved 1179648K
  class space    used 18000K, capacity 19517K, committed 19532K, reserved 1048576K
}
Event: 11350.605 GC heap after
{Heap after GC invocations=88 (full 0):
 garbage-first heap   total 374784K, used 225341K [0x0000000080000000, 0x0000000100000000)
  region size 1024K, 5 young (5120K), 5 survivors (5120K)
 Metaspace       used 145327K, capacity 149480K, committed 149580K, reserved 1179648K
  class space    used 18000K, capacity 19517K, committed 19532K, reserved 1048576K
}
Event: 11351.981 GC heap before
{Heap before GC invocations=88 (full 0):
 garbage-first heap   total 374784K, used 334909K [0x0000000080000000, 0x0000000100000000)
  region size 1024K, 97 young (99328K), 5 survivors (5120K)
 Metaspace       used 146577K, capacity 150882K, committed 151116K, reserved 1181696K
  class space    used 18156K, capacity 19761K, committed 19788K, reserved 1048576K
}
Event: 11351.997 GC heap after
{Heap after GC invocations=89 (full 0):
 garbage-first heap   total 374784K, used 240780K [0x0000000080000000, 0x0000000100000000)
  region size 1024K, 8 young (8192K), 8 survivors (8192K)
 Metaspace       used 146577K, capacity 150882K, committed 151116K, reserved 1181696K
  class space    used 18156K, capacity 19761K, committed 19788K, reserved 1048576K
}
Event: 11353.003 GC heap before
{Heap before GC invocations=90 (full 0):
 garbage-first heap   total 374784K, used 321676K [0x0000000080000000, 0x0000000100000000)
  region size 1024K, 91 young (93184K), 8 survivors (8192K)
 Metaspace       used 147058K, capacity 151306K, committed 151756K, reserved 1181696K
  class space    used 18170K, capacity 19734K, committed 19916K, reserved 1048576K
}
Event: 11353.103 GC heap after
{Heap after GC invocations=91 (full 0):
 garbage-first heap   total 374784K, used 260806K [0x0000000080000000, 0x0000000100000000)
  region size 1024K, 12 young (12288K), 12 survivors (12288K)
 Metaspace       used 147058K, capacity 151306K, committed 151756K, reserved 1181696K
  class space    used 18170K, capacity 19734K, committed 19916K, reserved 1048576K
}
Event: 11353.164 GC heap before
{Heap before GC invocations=91 (full 0):
 garbage-first heap   total 374784K, used 266950K [0x0000000080000000, 0x0000000100000000)
  region size 1024K, 18 young (18432K), 12 survivors (12288K)
 Metaspace       used 147062K, capacity 151306K, committed 151756K, reserved 1181696K
  class space    used 18170K, capacity 19734K, committed 19916K, reserved 1048576K
}
Event: 11353.216 GC heap after
{Heap after GC invocations=92 (full 0):
 garbage-first heap   total 374784K, used 229888K [0x0000000080000000, 0x0000000100000000)
  region size 1024K, 3 young (3072K), 3 survivors (3072K)
 Metaspace       used 147062K, capacity 151306K, committed 151756K, reserved 1181696K
  class space    used 18170K, capacity 19734K, committed 19916K, reserved 1048576K
}
Event: 11353.291 GC heap before
{Heap before GC invocations=92 (full 0):
 garbage-first heap   total 374784K, used 244224K [0x0000000080000000, 0x0000000100000000)
  region size 1024K, 18 young (18432K), 3 survivors (3072K)
 Metaspace       used 147062K, capacity 151306K, committed 151756K, reserved 1181696K
  class space    used 18170K, capacity 19734K, committed 19916K, reserved 1048576K
}
Event: 11353.314 GC heap after
{Heap after GC invocations=93 (full 0):
 garbage-first heap   total 374784K, used 234496K [0x0000000080000000, 0x0000000100000000)
  region size 1024K, 3 young (3072K), 3 survivors (3072K)
 Metaspace       used 147062K, capacity 151306K, committed 151756K, reserved 1181696K
  class space    used 18170K, capacity 19734K, committed 19916K, reserved 1048576K
}
Event: 11353.816 GC heap before
{Heap before GC invocations=93 (full 0):
 garbage-first heap   total 374784K, used 296960K [0x0000000080000000, 0x0000000100000000)
  region size 1024K, 65 young (66560K), 3 survivors (3072K)
 Metaspace       used 147410K, capacity 151644K, committed 152012K, reserved 1181696K
  class space    used 18194K, capacity 19754K, committed 19916K, reserved 1048576K
}
Event: 11353.852 GC heap after
{Heap after GC invocations=94 (full 0):
 garbage-first heap   total 374784K, used 250368K [0x0000000080000000, 0x0000000100000000)
  region size 1024K, 9 young (9216K), 9 survivors (9216K)
 Metaspace       used 147410K, capacity 151644K, committed 152012K, reserved 1181696K
  class space    used 18194K, capacity 19754K, committed 19916K, reserved 1048576K
}

